# JRE version: Java(TM) SE Runtime Environment (12.0.2+10) (build 12.0.2+10)
# Java VM: Java HotSpot(TM) 64-Bit Server VM (12.0.2+10, mixed mode, sharing, tiered, compressed oops, g1 gc, windows-amd64)
Heap:
 garbage-first heap   total 78848K, used 54560K [0x00000000c2400000, 0x0000000100000000)
  region size 1024K, 35 young (35840K), 4 survivors (4096K)
 Metaspace       used 57335K, capacity 58744K, committed 59000K, reserved 1099776K
  class space    used 7653K, capacity 8209K, committed 8312K, reserved 1048576K
GC Heap History (10 events):
Event: 9.087 GC heap before
{Heap before GC invocations=16 (full 0):
 garbage-first heap   total 65536K, used 41652K [0x00000000c2400000, 0x0000000100000000)
  region size 1024K, 27 young (27648K), 3 survivors (3072K)
 Metaspace       used 38509K, capacity 39430K, committed 39672K, reserved 1083392K
  class space    used 5109K, capacity 5484K, committed 5624K, reserved 1048576K
}
Event: 9.095 GC heap after
{Heap after GC invocations=17 (full 0):
 garbage-first heap   total 65536K, used 18105K [0x00000000c2400000, 0x0000000100000000)
  region size 1024K, 2 young (2048K), 2 survivors (2048K)
 Metaspace       used 38509K, capacity 39430K, committed 39672K, reserved 1083392K
  class space    used 5109K, capacity 5484K, committed 5624K, reserved 1048576K
}
Event: 9.911 GC heap before
{Heap before GC invocations=17 (full 0):
 garbage-first heap   total 65536K, used 42681K [0x00000000c2400000, 0x0000000100000000)
  region size 1024K, 27 young (27648K), 2 survivors (2048K)
 Metaspace       used 42480K, capacity 43517K, committed 43896K, reserved 1087488K
  class space    used 5722K, capacity 6119K, committed 6264K, reserved 1048576K
}
Event: 9.919 GC heap after
{Heap after GC invocations=18 (full 0):
 garbage-first heap   total 65536K, used 18954K [0x00000000c2400000, 0x0000000100000000)
  region size 1024K, 3 young (3072K), 3 survivors (3072K)
 Metaspace       used 42480K, capacity 43517K, committed 43896K, reserved 1087488K
  class space    used 5722K, capacity 6119K, committed 6264K, reserved 1048576K
}
Event: 10.774 GC heap before
{Heap before GC invocations=18 (full 0):
 garbage-first heap   total 65536K, used 45578K [0x00000000c2400000, 0x0000000100000000)
  region size 1024K, 29 young (29696K), 3 survivors (3072K)
 Metaspace       used 46018K, capacity 47032K, committed 47096K, reserved 1089536K
  class space    used 6208K, capacity 6602K, committed 6648K, reserved 1048576K
}
Event: 10.784 GC heap after
{Heap after GC invocations=19 (full 0):
 garbage-first heap   total 65536K, used 19892K [0x00000000c2400000, 0x0000000100000000)
  region size 1024K, 3 young (3072K), 3 survivors (3072K)
 Metaspace       used 46018K, capacity 47032K, committed 47096K, reserved 1089536K
  class space    used 6208K, capacity 6602K, committed 6648K, reserved 1048576K
}
Event: 11.584 GC heap before
{Heap before GC invocations=19 (full 0):
 garbage-first heap   total 65536K, used 46516K [0x00000000c2400000, 0x0000000100000000)
  region size 1024K, 29 young (29696K), 3 survivors (3072K)
 Metaspace       used 49067K, capacity 50274K, committed 50424K, reserved 1093632K
  class space    used 6608K, capacity 7101K, committed 7160K, reserved 1048576K
}
Event: 11.598 GC heap after
{Heap after GC invocations=20 (full 0):
 garbage-first heap   total 78848K, used 21604K [0x00000000c2400000, 0x0000000100000000)
  region size 1024K, 4 young (4096K), 4 survivors (4096K)
 Metaspace       used 49067K, capacity 50274K, committed 50424K, reserved 1093632K
  class space    used 6608K, capacity 7101K, committed 7160K, reserved 1048576K
}
Event: 12.767 GC heap before
{Heap before GC invocations=20 (full 0):
 garbage-first heap   total 78848K, used 52324K [0x00000000c2400000, 0x0000000100000000)
  region size 1024K, 34 young (34816K), 4 survivors (4096K)
 Metaspace       used 52087K, capacity 53426K, committed 53752K, reserved 1095680K
  class space    used 7038K, capacity 7549K, committed 7672K, reserved 1048576K
}
Event: 12.779 GC heap after
{Heap after GC invocations=21 (full 0):
 garbage-first heap   total 78848K, used 23840K [0x00000000c2400000, 0x0000000100000000)
  region size 1024K, 4 young (4096K), 4 survivors (4096K)
 Metaspace       used 52087K, capacity 53426K, committed 53752K, reserved 1095680K
  class space    used 7038K, capacity 7549K, committed 7672K, reserved 1048576K
}

