# JRE version: Java(TM) SE Runtime Environment (12.0.2+10) (build 12.0.2+10)
# Java VM: Java HotSpot(TM) 64-Bit Server VM (12.0.2+10, mixed mode, sharing, tiered, compressed oops, g1 gc, windows-amd64)
Heap:
 garbage-first heap   total 54272K, used 19580K [0x00000000c2400000, 0x0000000100000000)
  region size 1024K, 6 young (6144K), 1 survivors (1024K)
 Metaspace       used 29447K, capacity 30374K, committed 30512K, reserved 1075200K
  class space    used 3746K, capacity 4108K, committed 4224K, reserved 1048576K
GC Heap History (10 events):
Event: 7.603 GC heap before
{Heap before GC invocations=7 (full 0):
 garbage-first heap   total 63488K, used 35216K [0x00000000c2400000, 0x0000000100000000)
  region size 1024K, 28 young (28672K), 3 survivors (3072K)
 Metaspace       used 20552K, capacity 21116K, committed 21296K, reserved 1067008K
  class space    used 2609K, capacity 2847K, committed 2944K, reserved 1048576K
}
Event: 7.621 GC heap after
{Heap after GC invocations=8 (full 0):
 garbage-first heap   total 63488K, used 11525K [0x00000000c2400000, 0x0000000100000000)
  region size 1024K, 3 young (3072K), 3 survivors (3072K)
 Metaspace       used 20552K, capacity 21116K, committed 21296K, reserved 1067008K
  class space    used 2609K, capacity 2847K, committed 2944K, reserved 1048576K
}
Event: 10.127 GC heap before
{Heap before GC invocations=9 (full 0):
 garbage-first heap   total 45056K, used 35077K [0x00000000c2400000, 0x0000000100000000)
  region size 1024K, 26 young (26624K), 3 survivors (3072K)
 Metaspace       used 23824K, capacity 24537K, committed 24880K, reserved 1071104K
  class space    used 3068K, capacity 3339K, committed 3456K, reserved 1048576K
}
Event: 10.157 GC heap after
{Heap after GC invocations=10 (full 0):
 garbage-first heap   total 45056K, used 13011K [0x00000000c2400000, 0x0000000100000000)
  region size 1024K, 4 young (4096K), 4 survivors (4096K)
 Metaspace       used 23824K, capacity 24537K, committed 24880K, reserved 1071104K
  class space    used 3068K, capacity 3339K, committed 3456K, reserved 1048576K
}
Event: 11.978 GC heap before
{Heap before GC invocations=10 (full 0):
 garbage-first heap   total 45056K, used 32467K [0x00000000c2400000, 0x0000000100000000)
  region size 1024K, 23 young (23552K), 4 survivors (4096K)
 Metaspace       used 27580K, capacity 28403K, committed 28720K, reserved 1075200K
  class space    used 3540K, capacity 3878K, committed 3968K, reserved 1048576K
}
Event: 11.999 GC heap after
{Heap after GC invocations=11 (full 0):
 garbage-first heap   total 54272K, used 14453K [0x00000000c2400000, 0x0000000100000000)
  region size 1024K, 3 young (3072K), 3 survivors (3072K)
 Metaspace       used 27580K, capacity 28403K, committed 28720K, reserved 1075200K
  class space    used 3540K, capacity 3878K, committed 3968K, reserved 1048576K
}
Event: 12.099 GC heap before
{Heap before GC invocations=11 (full 0):
 garbage-first heap   total 54272K, used 38005K [0x00000000c2400000, 0x0000000100000000)
  region size 1024K, 27 young (27648K), 3 survivors (3072K)
 Metaspace       used 27849K, capacity 28764K, committed 28976K, reserved 1075200K
  class space    used 3562K, capacity 3913K, committed 3968K, reserved 1048576K
}
Event: 12.112 GC heap after
{Heap after GC invocations=12 (full 0):
 garbage-first heap   total 54272K, used 15175K [0x00000000c2400000, 0x0000000100000000)
  region size 1024K, 3 young (3072K), 3 survivors (3072K)
 Metaspace       used 27849K, capacity 28764K, committed 28976K, reserved 1075200K
  class space    used 3562K, capacity 3913K, committed 3968K, reserved 1048576K
}
Event: 12.454 GC heap before
{Heap before GC invocations=12 (full 0):
 garbage-first heap   total 54272K, used 38727K [0x00000000c2400000, 0x0000000100000000)
  region size 1024K, 27 young (27648K), 3 survivors (3072K)
 Metaspace       used 28735K, capacity 29669K, committed 29872K, reserved 1075200K
  class space    used 3667K, capacity 4022K, committed 4096K, reserved 1048576K
}
Event: 12.466 GC heap after
{Heap after GC invocations=13 (full 0):
 garbage-first heap   total 54272K, used 15484K [0x00000000c2400000, 0x0000000100000000)
  region size 1024K, 1 young (1024K), 1 survivors (1024K)
 Metaspace       used 28735K, capacity 29669K, committed 29872K, reserved 1075200K
  class space    used 3667K, capacity 4022K, committed 4096K, reserved 1048576K
}

