# JRE version: Java(TM) SE Runtime Environment (12.0.2+10) (build 12.0.2+10)
# Java VM: Java HotSpot(TM) 64-Bit Server VM (12.0.2+10, mixed mode, sharing, tiered, compressed oops, g1 gc, windows-amd64)
Heap:
 garbage-first heap   total 70656K, used 18469K [0x00000000c2400000, 0x0000000100000000)
  region size 1024K, 3 young (3072K), 3 survivors (3072K)
 Metaspace       used 39182K, capacity 40178K, committed 40368K, reserved 1083392K
  class space    used 5193K, capacity 5583K, committed 5632K, reserved 1048576K
GC Heap History (10 events):
Event: 5.632 GC heap after
{Heap after GC invocations=9 (full 0):
 garbage-first heap   total 48128K, used 12991K [0x00000000c2400000, 0x0000000100000000)
  region size 1024K, 4 young (4096K), 4 survivors (4096K)
 Metaspace       used 23897K, capacity 24597K, committed 24880K, reserved 1071104K
  class space    used 3082K, capacity 3379K, committed 3456K, reserved 1048576K
}
Event: 6.534 GC heap before
{Heap before GC invocations=9 (full 0):
 garbage-first heap   total 48128K, used 34495K [0x00000000c2400000, 0x0000000100000000)
  region size 1024K, 25 young (25600K), 4 survivors (4096K)
 Metaspace       used 27828K, capacity 28765K, committed 28976K, reserved 1075200K
  class space    used 3560K, capacity 3913K, committed 3968K, reserved 1048576K
}
Event: 6.552 GC heap after
{Heap after GC invocations=10 (full 0):
 garbage-first heap   total 58368K, used 15092K [0x00000000c2400000, 0x0000000100000000)
  region size 1024K, 4 young (4096K), 4 survivors (4096K)
 Metaspace       used 27828K, capacity 28765K, committed 28976K, reserved 1075200K
  class space    used 3560K, capacity 3913K, committed 3968K, reserved 1048576K
}
Event: 6.581 GC heap before
{Heap before GC invocations=10 (full 0):
 garbage-first heap   total 58368K, used 41716K [0x00000000c2400000, 0x0000000100000000)
  region size 1024K, 31 young (31744K), 4 survivors (4096K)
 Metaspace       used 27833K, capacity 28765K, committed 28976K, reserved 1075200K
  class space    used 3560K, capacity 3913K, committed 3968K, reserved 1048576K
}
Event: 6.590 GC heap after
{Heap after GC invocations=11 (full 0):
 garbage-first heap   total 58368K, used 15465K [0x00000000c2400000, 0x0000000100000000)
  region size 1024K, 3 young (3072K), 3 survivors (3072K)
 Metaspace       used 27833K, capacity 28765K, committed 28976K, reserved 1075200K
  class space    used 3560K, capacity 3913K, committed 3968K, reserved 1048576K
}
Event: 7.254 GC heap before
{Heap before GC invocations=11 (full 0):
 garbage-first heap   total 58368K, used 42089K [0x00000000c2400000, 0x0000000100000000)
  region size 1024K, 30 young (30720K), 3 survivors (3072K)
 Metaspace       used 30474K, capacity 31383K, committed 31536K, reserved 1077248K
  class space    used 3865K, capacity 4210K, committed 4224K, reserved 1048576K
}
Event: 7.264 GC heap after
{Heap after GC invocations=12 (full 0):
 garbage-first heap   total 58368K, used 16184K [0x00000000c2400000, 0x0000000100000000)
  region size 1024K, 2 young (2048K), 2 survivors (2048K)
 Metaspace       used 30474K, capacity 31383K, committed 31536K, reserved 1077248K
  class space    used 3865K, capacity 4210K, committed 4224K, reserved 1048576K
}
Event: 8.177 GC heap before
{Heap before GC invocations=12 (full 0):
 garbage-first heap   total 58368K, used 39736K [0x00000000c2400000, 0x0000000100000000)
  region size 1024K, 26 young (26624K), 2 survivors (2048K)
 Metaspace       used 34783K, capacity 35720K, committed 35888K, reserved 1081344K
  class space    used 4498K, capacity 4866K, committed 4992K, reserved 1048576K
}
Event: 8.185 GC heap after
{Heap after GC invocations=13 (full 0):
 garbage-first heap   total 58368K, used 17272K [0x00000000c2400000, 0x0000000100000000)
  region size 1024K, 3 young (3072K), 3 survivors (3072K)
 Metaspace       used 34783K, capacity 35720K, committed 35888K, reserved 1081344K
  class space    used 4498K, capacity 4866K, committed 4992K, reserved 1048576K
}
Event: 9.233 GC heap before
{Heap before GC invocations=14 (full 0):
 garbage-first heap   total 58368K, used 44920K [0x00000000c2400000, 0x0000000100000000)
  region size 1024K, 30 young (30720K), 3 survivors (3072K)
 Metaspace       used 39182K, capacity 40178K, committed 40368K, reserved 1083392K
  class space    used 5193K, capacity 5583K, committed 5632K, reserved 1048576K
}

