# JRE version: Java(TM) SE Runtime Environment (12.0.2+10) (build 12.0.2+10)
# Java VM: Java HotSpot(TM) 64-Bit Server VM (12.0.2+10, mixed mode, sharing, tiered, compressed oops, g1 gc, windows-amd64)
Heap:
 garbage-first heap   total 54272K, used 16441K [0x00000000c2400000, 0x0000000100000000)
  region size 1024K, 2 young (2048K), 2 survivors (2048K)
 Metaspace       used 33042K, capacity 33896K, committed 33968K, reserved 1087488K
  class space    used 4184K, capacity 4536K, committed 4608K, reserved 1048576K
GC Heap History (10 events):
Event: 4.172 GC heap after
{Heap after GC invocations=8 (full 0):
 garbage-first heap   total 76800K, used 11646K [0x00000000c2400000, 0x0000000100000000)
  region size 1024K, 4 young (4096K), 4 survivors (4096K)
 Metaspace       used 20563K, capacity 21116K, committed 21296K, reserved 1067008K
  class space    used 2615K, capacity 2847K, committed 2944K, reserved 1048576K
}
Event: 5.144 GC heap before
{Heap before GC invocations=9 (full 0):
 garbage-first heap   total 45056K, used 34174K [0x00000000c2400000, 0x0000000100000000)
  region size 1024K, 26 young (26624K), 4 survivors (4096K)
 Metaspace       used 23955K, capacity 24662K, committed 24880K, reserved 1071104K
  class space    used 3092K, capacity 3379K, committed 3456K, reserved 1048576K
}
Event: 5.161 GC heap after
{Heap after GC invocations=10 (full 0):
 garbage-first heap   total 45056K, used 13058K [0x00000000c2400000, 0x0000000100000000)
  region size 1024K, 4 young (4096K), 4 survivors (4096K)
 Metaspace       used 23955K, capacity 24662K, committed 24880K, reserved 1071104K
  class space    used 3092K, capacity 3379K, committed 3456K, reserved 1048576K
}
Event: 6.044 GC heap before
{Heap before GC invocations=10 (full 0):
 garbage-first heap   total 45056K, used 31490K [0x00000000c2400000, 0x0000000100000000)
  region size 1024K, 23 young (23552K), 4 survivors (4096K)
 Metaspace       used 27822K, capacity 28700K, committed 28976K, reserved 1075200K
  class space    used 3560K, capacity 3913K, committed 3968K, reserved 1048576K
}
Event: 6.065 GC heap after
{Heap after GC invocations=11 (full 0):
 garbage-first heap   total 54272K, used 14570K [0x00000000c2400000, 0x0000000100000000)
  region size 1024K, 3 young (3072K), 3 survivors (3072K)
 Metaspace       used 27822K, capacity 28700K, committed 28976K, reserved 1075200K
  class space    used 3560K, capacity 3913K, committed 3968K, reserved 1048576K
}
Event: 6.095 GC heap before
{Heap before GC invocations=11 (full 0):
 garbage-first heap   total 54272K, used 36074K [0x00000000c2400000, 0x0000000100000000)
  region size 1024K, 25 young (25600K), 3 survivors (3072K)
 Metaspace       used 27835K, capacity 28764K, committed 28976K, reserved 1075200K
  class space    used 3560K, capacity 3913K, committed 3968K, reserved 1048576K
}
Event: 6.103 GC heap after
{Heap after GC invocations=12 (full 0):
 garbage-first heap   total 54272K, used 15148K [0x00000000c2400000, 0x0000000100000000)
  region size 1024K, 2 young (2048K), 2 survivors (2048K)
 Metaspace       used 27835K, capacity 28764K, committed 28976K, reserved 1075200K
  class space    used 3560K, capacity 3913K, committed 3968K, reserved 1048576K
}
Event: 6.235 GC heap before
{Heap before GC invocations=12 (full 0):
 garbage-first heap   total 54272K, used 36652K [0x00000000c2400000, 0x0000000100000000)
  region size 1024K, 24 young (24576K), 2 survivors (2048K)
 Metaspace       used 28350K, capacity 29293K, committed 29616K, reserved 1075200K
  class space    used 3619K, capacity 3982K, committed 4096K, reserved 1048576K
}
Event: 6.243 GC heap after
{Heap after GC invocations=13 (full 0):
 garbage-first heap   total 54272K, used 15264K [0x00000000c2400000, 0x0000000100000000)
  region size 1024K, 1 young (1024K), 1 survivors (1024K)
 Metaspace       used 28350K, capacity 29293K, committed 29616K, reserved 1075200K
  class space    used 3619K, capacity 3982K, committed 4096K, reserved 1048576K
}
Event: 7.498 GC heap before
{Heap before GC invocations=13 (full 0):
 garbage-first heap   total 54272K, used 37792K [0x00000000c2400000, 0x0000000100000000)
  region size 1024K, 24 young (24576K), 1 survivors (1024K)
 Metaspace       used 33042K, capacity 33896K, committed 33968K, reserved 1085440K
  class space    used 4184K, capacity 4536K, committed 4608K, reserved 1048576K
}

